<?xml version="1.0" encoding="UTF-8"?>
<testsuite name="PingPongtest" tests="2" skipped="0" failures="0" errors="0" timestamp="2016-01-04T22:34:07" hostname="epicodus-29.local" time="0.001">
  <properties/>
  <testcase name="pingOrPongDecision_forNumberDivisibleByFive_pong" classname="PingPongtest" time="0.001"/>
  <testcase name="pingOrPongDecision_forNumberDivisibleByThree_ping" classname="PingPongtest" time="0.0"/>
  <system-out><![CDATA[]]></system-out>
  <system-err><![CDATA[]]></system-err>
</testsuite>
